<?xml version="1.0" encoding="UTF-8"?>
<!-- Generated by org.testng.reporters.JUnitReportReporter -->
<testsuite hostname="DESKTOP-9OGV5KH" failures="0" tests="3" name="rahulshettyacademy.tests.SubmitOrderTest" time="35.358" errors="0" timestamp="2025-01-01T23:49:48 IST" skipped="0">
  <testcase classname="rahulshettyacademy.tests.SubmitOrderTest" name="OrderHistoryTest" time="5.101"/>
  <testcase classname="rahulshettyacademy.tests.SubmitOrderTest" name="submitOrder" time="16.941"/>
  <testcase classname="rahulshettyacademy.tests.SubmitOrderTest" name="submitOrder" time="13.316"/>
</testsuite> <!-- rahulshettyacademy.tests.SubmitOrderTest -->
