<?xml version="1.0" encoding="UTF-8"?>
<!-- Generated by org.testng.reporters.JUnitReportReporter -->
<testsuite hostname="DESKTOP-9OGV5KH" failures="0" tests="2" name="rahulshettyacademy.tests.ErrorValidations" time="12.469" errors="0" timestamp="2025-01-01T23:49:48 IST" skipped="0">
  <testcase classname="rahulshettyacademy.tests.ErrorValidations" name="ProductErrorValidation" time="9.121"/>
  <testcase classname="rahulshettyacademy.tests.ErrorValidations" name="LoginErrorValidation" time="3.348"/>
</testsuite> <!-- rahulshettyacademy.tests.ErrorValidations -->
