<?xml version="1.0" encoding="UTF-8"?>
<!-- Generated by org.testng.reporters.JUnitReportReporter -->
<testsuite hostname="DESKTOP-9OGV5KH" failures="0" tests="1" name="cucumber.TestNGTestRunner" time="13.272" errors="0" timestamp="2025-01-02T21:49:41 IST" skipped="0">
  <testcase classname="cucumber.TestNGTestRunner" name="runScenario" time="13.272"/>
</testsuite> <!-- cucumber.TestNGTestRunner -->
