<?xml version="1.0" encoding="UTF-8"?>
<!-- Generated by org.testng.reporters.JUnitReportReporter -->
<testsuite hostname="DESKTOP-9OGV5KH" failures="0" tests="1" name="rahulshettyacademy.tests.ErrorValidations" time="8.288" errors="0" timestamp="2025-01-01T23:57:33 IST" skipped="0">
  <testcase classname="rahulshettyacademy.tests.ErrorValidations" name="LoginErrorValidation" time="8.288"/>
</testsuite> <!-- rahulshettyacademy.tests.ErrorValidations -->
